New log file opened at Thu Sep 10 09:58:18 CEST 2015 by 21237@christopher-uulm
Taking next connection to: 39225
New client attempting to connect on port: 35750-39225
  Address = /134.60.30.73:39225
This client on port 35750 has uuid bac1362d-c446-4db1-b24c-38f78f879585 configName activator humanReadableName Activator protocolVersion 3 featureTags Vector()
Connected Clients: activator-bac1362d-c446-4db1-b24c-38f78f879585
Taking next connection to: 39225
New client attempting to connect on port: 35755-39225
  Address = /134.60.30.73:39225
Handshake exception on socket: 35755
sbt.impl.ipc.HandshakeException: Unable to perform handshake
	at sbt.impl.ipc.Peer.handshake(IPC.scala:46)
	at sbt.impl.ipc.MultiClientServer.<init>(IPC.scala:150)
	at sbt.server.SbtServerSocketHandler$$anon$1.run(SbtServerSocketHandler.scala:43)
Caused by: java.io.EOFException
	at java.io.DataInputStream.readInt(DataInputStream.java:392)
	at sbt.impl.ipc.Peer.receive(IPC.scala:95)
	at sbt.impl.ipc.Peer.handshake(IPC.scala:49)
	... 2 more
Taking next connection to: 39225
New client attempting to connect on port: 35756-39225
  Address = /134.60.30.73:39225
This client on port 35756 has uuid 12719735-cad6-41c1-8e88-8e95541647b4 configName activator humanReadableName Activator protocolVersion 3 featureTags Vector()
Connected Clients: activator-bac1362d-c446-4db1-b24c-38f78f879585, activator-12719735-cad6-41c1-8e88-8e95541647b4
Taking next connection to: 39225
